<?xml version="1.0" encoding="UTF-8"?>
<!-- Generated by org.testng.reporters.JUnitXMLReporter -->
<testsuite hostname="salman-PC" name="Default test" tests="5" failures="0" timestamp="4 Dec 2019 10:31:05 GMT" time="29.365" errors="0">
  <testcase name="launchbrowser" time="3.625" classname="abcd.Classq"/>
  <testcase name="verifygoogle" time="2.748" classname="abcd.Classq"/>
  <testcase name="verifygcrit" time="6.911" classname="abcd.Classq"/>
  <testcase name="verifysnapdeal" time="13.905" classname="abcd.Classq"/>
  <testcase name="closebrowser" time="2.141" classname="abcd.Classq"/>
</testsuite> <!-- Default test -->
