<?xml version="1.0" encoding="UTF-8"?>
<!-- Generated by org.testng.reporters.JUnitXMLReporter -->
<testsuite hostname="salman-PC" name="sanitytests" tests="4" failures="0" timestamp="1 Dec 2019 06:55:56 GMT" time="48.202" errors="0">
  <testcase name="verifygoogletitle" time="5.211" classname="abcd.Launchbrowser"/>
  <testcase name="verifysnapdealtitle" time="13.78" classname="abcd.Launchbrowser"/>
  <testcase name="verifygoogletitle" time="3.291" classname="abcd.Class2"/>
  <testcase name="verifygcrit" time="6.589" classname="abcd.Class2"/>
</testsuite> <!-- sanitytests -->
