<?xml version="1.0" encoding="UTF-8"?>
<!-- Generated by org.testng.reporters.JUnitXMLReporter -->
<testsuite hostname="salman-PC" name="User" tests="4" failures="0" timestamp="4 Dec 2019 10:07:25 GMT" time="15.722" errors="0">
  <testcase name="launchbrowser" time="3.526" classname="abcd.Classx"/>
  <testcase name="verifygoogle" time="2.839" classname="abcd.Classx"/>
  <testcase name="verifysnapdeal" time="9.066" classname="abcd.Classx"/>
  <testcase name="closebrowser" time="0.257" classname="abcd.Classx"/>
</testsuite> <!-- User -->
