<?xml version="1.0" encoding="UTF-8"?>
<!-- Generated by org.testng.reporters.JUnitXMLReporter -->
<testsuite hostname="salman-PC" name="SanityTest" tests="7" failures="0" timestamp="2 Dec 2019 10:26:03 GMT" time="77.278" errors="0">
  <testcase name="verifygoogletitle" time="3.131" classname="abcd.Class4"/>
  <testcase name="verifysnapdeal" time="16.43" classname="abcd.Class4"/>
  <testcase name="verifygcrit" time="8.103" classname="abcd.Class4"/>
  <testcase name="bankofamerica" time="10.794" classname="abcd.Class5"/>
  <testcase name="verifygoogle" time="9.999" classname="abcd.Class5"/>
  <testcase name="verifyicicibank" time="11.833" classname="abcd.Class5"/>
  <testcase name="verifygcrit" time="6.083" classname="abcd.Class5"/>
</testsuite> <!-- SanityTest -->
