<?xml version="1.0" encoding="UTF-8"?>
<!-- Generated by org.testng.reporters.JUnitXMLReporter -->
<testsuite hostname="salman-PC" name="sanity" tests="6" failures="0" timestamp="2 Dec 2019 10:49:37 GMT" time="58.129" errors="0">
  <testcase name="verifylaunchbrowser" time="3.594" classname="abcd.Class6"/>
  <testcase name="verifygoogle" time="2.572" classname="abcd.Class6"/>
  <testcase name="verifygcrit" time="7.084" classname="abcd.Class6"/>
  <testcase name="verifyicicibank" time="25.744" classname="abcd.Class6"/>
  <testcase name="verifysnapdeal" time="16.949" classname="abcd.Class6"/>
  <testcase name="closebrowser" time="2.14" classname="abcd.Class6"/>
</testsuite> <!-- sanity -->
