<?xml version="1.0" encoding="UTF-8"?>
<!-- Generated by org.testng.reporters.JUnitXMLReporter -->
<testsuite hostname="salman-PC" name="Test Name" tests="5" failures="4" timestamp="4 Dec 2019 10:32:52 GMT" time="3.795" errors="0">
  <testcase name="verifygcrit" time="0.029" classname="abcd.Classq">
    <failure type="java.lang.NullPointerException">
      <![CDATA[java.lang.NullPointerException
	at abcd.Classq.verifygcrit(Classq.java:30)
	at java.util.concurrent.ThreadPoolExecutor.runWorker(ThreadPoolExecutor.java:1142)
	at java.util.concurrent.ThreadPoolExecutor$Worker.run(ThreadPoolExecutor.java:617)
	at java.lang.Thread.run(Thread.java:745)
... Removed 10 stack frames]]>
    </failure>
  </testcase> <!-- verifygcrit -->
  <testcase name="verifygoogle" time="0.029" classname="abcd.Classq">
    <failure type="java.lang.NullPointerException">
      <![CDATA[java.lang.NullPointerException
	at abcd.Classq.verifygoogle(Classq.java:25)
	at java.util.concurrent.ThreadPoolExecutor.runWorker(ThreadPoolExecutor.java:1142)
	at java.util.concurrent.ThreadPoolExecutor$Worker.run(ThreadPoolExecutor.java:617)
	at java.lang.Thread.run(Thread.java:745)
... Removed 10 stack frames]]>
    </failure>
  </testcase> <!-- verifygoogle -->
  <testcase name="verifysnapdeal" time="0.03" classname="abcd.Classq">
    <failure type="java.lang.NullPointerException">
      <![CDATA[java.lang.NullPointerException
	at abcd.Classq.verifysnapdeal(Classq.java:38)
	at java.util.concurrent.ThreadPoolExecutor.runWorker(ThreadPoolExecutor.java:1142)
	at java.util.concurrent.ThreadPoolExecutor$Worker.run(ThreadPoolExecutor.java:617)
	at java.lang.Thread.run(Thread.java:745)
... Removed 10 stack frames]]>
    </failure>
  </testcase> <!-- verifysnapdeal -->
  <testcase name="closebrowser" time="0.03" classname="abcd.Classq">
    <failure type="java.lang.NullPointerException">
      <![CDATA[java.lang.NullPointerException
	at abcd.Classq.closebrowser(Classq.java:43)
	at java.util.concurrent.ThreadPoolExecutor.runWorker(ThreadPoolExecutor.java:1142)
	at java.util.concurrent.ThreadPoolExecutor$Worker.run(ThreadPoolExecutor.java:617)
	at java.lang.Thread.run(Thread.java:745)
... Removed 10 stack frames]]>
    </failure>
  </testcase> <!-- closebrowser -->
  <testcase name="launchbrowser" time="3.764" classname="abcd.Classq"/>
</testsuite> <!-- Test Name -->
